[Timing] Training & Submission started.
Saving things to solutions/matthew/v3/#1
Epoch [1/40]
  FOLD 0
  --------------------------------
  FOLD 1
  --------------------------------
  FOLD 2
  --------------------------------
  FOLD 3
  --------------------------------
  FOLD 4
  --------------------------------
	 Train Loss 0.01837110921777116
	 Validation Loss 0.008717399694166137
Epoch [2/40]
  FOLD 0
  --------------------------------
  FOLD 1
  --------------------------------
  FOLD 2
  --------------------------------
  FOLD 3
  --------------------------------
  FOLD 4
  --------------------------------
	 Train Loss 0.01653433521560443
	 Validation Loss 0.008120470611558328
Epoch [3/40]
  FOLD 0
  --------------------------------
  FOLD 1
  --------------------------------
  FOLD 2
  --------------------------------
  FOLD 3
  --------------------------------
  FOLD 4
  --------------------------------
	 Train Loss 0.015801175675391053
	 Validation Loss 0.00774946905219822
Epoch [4/40]
  FOLD 0
  --------------------------------
  FOLD 1
  --------------------------------
  FOLD 2
  --------------------------------
  FOLD 3
  --------------------------------
  FOLD 4
  --------------------------------
	 Train Loss 0.015148986104086387
	 Validation Loss 0.007338873368943874
Epoch [5/40]
  FOLD 0
  --------------------------------
  FOLD 1
  --------------------------------
  FOLD 2
  --------------------------------
  FOLD 3
  --------------------------------
  FOLD 4
  --------------------------------
	 Train Loss 0.014425376550481237
	 Validation Loss 0.006957324692464705
Epoch [6/40]
  FOLD 0
  --------------------------------
  FOLD 1
  --------------------------------
  FOLD 2
  --------------------------------
