[Timing] Training & Submission started.
Saving things to solutions/matthew/v4/#1
Epoch [1/40]
  FOLD 0
  --------------------------------
  FOLD 1
  --------------------------------
  FOLD 2
  --------------------------------
  FOLD 3
  --------------------------------
  FOLD 4
  --------------------------------
	 Train Loss 0.01863145259821618
	 Validation Loss 0.008667151496964436
Epoch [2/40]
  FOLD 0
  --------------------------------
  FOLD 1
  --------------------------------
  FOLD 2
  --------------------------------
  FOLD 3
  --------------------------------
  FOLD 4
  --------------------------------
	 Train Loss 0.015905353805007096
	 Validation Loss 0.007701134502954034
Epoch [3/40]
  FOLD 0
  --------------------------------
  FOLD 1
  --------------------------------
  FOLD 2
  --------------------------------
  FOLD 3
  --------------------------------
  FOLD 4
  --------------------------------
	 Train Loss 0.0145733608831808
	 Validation Loss 0.006863532857979407
Epoch [4/40]
  FOLD 0
  --------------------------------
  FOLD 1
  --------------------------------
  FOLD 2
  --------------------------------
  FOLD 3
  --------------------------------
  FOLD 4
  --------------------------------
	 Train Loss 0.01304298976957295
	 Validation Loss 0.006125763536256407
Epoch [5/40]
  FOLD 0
  --------------------------------
  FOLD 1
  --------------------------------
  FOLD 2
  --------------------------------
  FOLD 3
  --------------------------------
  FOLD 4
  --------------------------------
